d:\kyg\directx11\directx11engine\directx11engine\x64\release\vc142.pdb
d:\kyg\directx11\directx11engine\directx11engine\x64\release\vector2.obj
d:\kyg\directx11\directx11engine\directx11engine\x64\release\shaders.obj
d:\kyg\directx11\directx11engine\directx11engine\x64\release\graphics.obj
d:\kyg\directx11\directx11engine\directx11engine\x64\release\mouseevent.obj
d:\kyg\directx11\directx11engine\directx11engine\x64\release\mouse.obj
d:\kyg\directx11\directx11engine\directx11engine\x64\release\winmain.obj
d:\kyg\directx11\directx11engine\directx11engine\x64\release\windowcontainer.obj
d:\kyg\directx11\directx11engine\directx11engine\x64\release\renderwindow.obj
d:\kyg\directx11\directx11engine\directx11engine\x64\release\keyboardevent.obj
d:\kyg\directx11\directx11engine\directx11engine\x64\release\keyboard.obj
d:\kyg\directx11\directx11engine\directx11engine\x64\release\engine.obj
d:\kyg\directx11\directx11engine\directx11engine\x64\release\debuglog.obj
d:\kyg\directx11\directx11engine\directx11engine\x64\release\adapterreader.obj
d:\kyg\directx11\directx11engine\x64\release\ps.cso
d:\kyg\directx11\directx11engine\x64\release\vs.cso
d:\kyg\directx11\directx11engine\x64\release\directx11engine.exe
d:\kyg\directx11\directx11engine\directx11engine\x64\release\directx11engine.ipdb
d:\kyg\directx11\directx11engine\directx11engine\x64\release\directx11engine.iobj
d:\kyg\directx11\directx11engine\x64\release\directx11engine.pdb
d:\kyg\directx11\directx11engine\directx11engine\x64\release\directx11engine.tlog\cl.command.1.tlog
d:\kyg\directx11\directx11engine\directx11engine\x64\release\directx11engine.tlog\cl.read.1.tlog
d:\kyg\directx11\directx11engine\directx11engine\x64\release\directx11engine.tlog\cl.write.1.tlog
d:\kyg\directx11\directx11engine\directx11engine\x64\release\directx11engine.tlog\fxc.command.1.tlog
d:\kyg\directx11\directx11engine\directx11engine\x64\release\directx11engine.tlog\fxc.read.1.tlog
d:\kyg\directx11\directx11engine\directx11engine\x64\release\directx11engine.tlog\fxc.write.1.tlog
d:\kyg\directx11\directx11engine\directx11engine\x64\release\directx11engine.tlog\link.command.1.tlog
d:\kyg\directx11\directx11engine\directx11engine\x64\release\directx11engine.tlog\link.read.1.tlog
d:\kyg\directx11\directx11engine\directx11engine\x64\release\directx11engine.tlog\link.write.1.tlog
