D:\Kyg\DirectX11\DirectX11Engine\DirectX11Engine\ps.hlsl(18,12-50): warning X3206: implicit truncation of vector type
  
  compilation object save succeeded; see D:\Kyg\DirectX11\DirectX11Engine\Debug\ps.cso
  compilation object save succeeded; see D:\Kyg\DirectX11\DirectX11Engine\Debug\vs.cso
  Component.cpp
  Camera.cpp
D:\Kyg\DirectX11\DirectX11Engine\DirectX11Engine\Engine\Graphics\Object\Camera.cpp(193,18): warning C4244: '=': 'double'에서 'float'(으)로 변환하면서 데이터가 손실될 수 있습니다.
D:\Kyg\DirectX11\DirectX11Engine\DirectX11Engine\Engine\Graphics\Object\Camera.cpp(201,16): warning C4244: '초기화 중': 'double'에서 'float'(으)로 변환하면서 데이터가 손실될 수 있습니다.
D:\Kyg\DirectX11\DirectX11Engine\DirectX11Engine\Engine\Graphics\Object\Camera.cpp(204,21): warning C4244: '=': 'double'에서 'float'(으)로 변환하면서 데이터가 손실될 수 있습니다.
  AdapterReader.cpp
  DebugLog.cpp
  Engine.cpp
D:\Kyg\DirectX11\DirectX11Engine\DirectX11Engine\Engine\Engine.cpp(41,85): warning C4244: '인수': 'double'에서 'float'(으)로 변환하면서 데이터가 손실될 수 있습니다.
D:\Kyg\DirectX11\DirectX11Engine\DirectX11Engine\Engine\Engine.cpp(45,86): warning C4244: '인수': 'double'에서 'float'(으)로 변환하면서 데이터가 손실될 수 있습니다.
D:\Kyg\DirectX11\DirectX11Engine\DirectX11Engine\Engine\Engine.cpp(49,82): warning C4244: '인수': 'double'에서 'float'(으)로 변환하면서 데이터가 손실될 수 있습니다.
D:\Kyg\DirectX11\DirectX11Engine\DirectX11Engine\Engine\Engine.cpp(53,83): warning C4244: '인수': 'double'에서 'float'(으)로 변환하면서 데이터가 손실될 수 있습니다.
D:\Kyg\DirectX11\DirectX11Engine\DirectX11Engine\Engine\Engine.cpp(57,80): warning C4244: '인수': 'double'에서 'float'(으)로 변환하면서 데이터가 손실될 수 있습니다.
D:\Kyg\DirectX11\DirectX11Engine\DirectX11Engine\Engine\Engine.cpp(61,82): warning C4244: '인수': 'double'에서 'float'(으)로 변환하면서 데이터가 손실될 수 있습니다.
  imgui.cpp
  imgui_draw.cpp
  imgui_impl_dx11.cpp
  imgui_impl_win32.cpp
  imgui_tables.cpp
  imgui_widgets.cpp
  Keyboard.cpp
  KeyboardEvent.cpp
  RenderWindow.cpp
  WindowContainer.cpp
  WinMain.cpp
  Mouse.cpp
  MouseEvent.cpp
  Graphics.cpp
D:\Kyg\DirectX11\DirectX11Engine\DirectX11Engine\Engine\Graphics\Graphics.cpp(76,20): warning C4244: '=': 'int'에서 'FLOAT'(으)로 변환하면서 데이터가 손실될 수 있습니다.
D:\Kyg\DirectX11\DirectX11Engine\DirectX11Engine\Engine\Graphics\Graphics.cpp(77,21): warning C4244: '=': 'int'에서 'FLOAT'(으)로 변환하면서 데이터가 손실될 수 있습니다.
D:\Kyg\DirectX11\DirectX11Engine\DirectX11Engine\Engine\Graphics\Graphics.cpp(285,56): warning C4244: '인수': 'double'에서 'float'(으)로 변환하면서 데이터가 손실될 수 있습니다.
D:\Kyg\DirectX11\DirectX11Engine\DirectX11Engine\Engine\Graphics\Graphics.cpp(292,37): warning C4244: '+=': 'double'에서 'float'(으)로 변환하면서 데이터가 손실될 수 있습니다.
  Shaders.cpp
  코드를 생성하고 있습니다...
D:\Kyg\DirectX11\DirectX11Engine\DirectX11Engine\Engine\Graphics\Object\Camera.cpp(96): warning C4172: 지역 변수 또는 임시의 주소를 반환하고 있습니다.
  컴파일하고 있습니다...
  Time.cpp
  Renderer.cpp
  GameObject.cpp
C:\Program Files (x86)\Microsoft Visual Studio\2019\Community\VC\Tools\MSVC\14.29.30133\include\memory(2747,1): warning C4316: 'std::_Ref_count_obj2<_Ty>': 힙에 할당된 개체가 16에 맞추어져 있지 않을 수도 있습니다
          with
          [
              _Ty=Transform
          ]
D:\Kyg\DirectX11\DirectX11Engine\DirectX11Engine\Engine\Graphics\Object\GameObject.cpp(5): message : 컴파일되는 함수 템플릿 인스턴스화 'std::shared_ptr<Transform> std::make_shared<Transform,>(void)'에 대한 참조를 확인하세요.
  Transform.cpp
D:\Kyg\DirectX11\DirectX11Engine\DirectX11Engine\Engine\Graphics\Component\Transform.cpp(171,19): warning C4244: '=': 'double'에서 'float'(으)로 변환하면서 데이터가 손실될 수 있습니다.
D:\Kyg\DirectX11\DirectX11Engine\DirectX11Engine\Engine\Graphics\Component\Transform.cpp(179,16): warning C4244: '초기화 중': 'double'에서 'float'(으)로 변환하면서 데이터가 손실될 수 있습니다.
D:\Kyg\DirectX11\DirectX11Engine\DirectX11Engine\Engine\Graphics\Component\Transform.cpp(182,21): warning C4244: '=': 'double'에서 'float'(으)로 변환하면서 데이터가 손실될 수 있습니다.
  Mesh.cpp
  Vector2.cpp
  코드를 생성하고 있습니다...
D:\Kyg\DirectX11\DirectX11Engine\DirectX11Engine\Engine\Graphics\Component\Transform.cpp(74): warning C4172: 지역 변수 또는 임시의 주소를 반환하고 있습니다.
D:\Kyg\DirectX11\DirectX11Engine\DirectX11Engine\Engine\Graphics\Component\Renderer.cpp(133): warning C4715: 'Renderer::Initialize': 모든 제어 경로에서 값을 반환하지는 않습니다.
  LINK : D:\Kyg\DirectX11\DirectX11Engine\Debug\DirectX11Engine.exe을(를) 찾을 수 없거나 마지막 증분 링크에 의해 빌드되지 않았습니다. 전체 링크를 수행하고 있습니다.
Renderer.obj : error LNK2019: "public: __thiscall Assimp::Importer::Importer(void)" (??0Importer@Assimp@@QAE@XZ)"private: bool __thiscall Renderer::LoadFile(class std::basic_string<char,struct std::char_traits<char>,class std::allocator<char> > const &)" (?LoadFile@Renderer@@AAE_NABV?$basic_string@DU?$char_traits@D@std@@V?$allocator@D@2@@std@@@Z) 함수에서 참조되는 확인할 수 없는 외부 기호
Renderer.obj : error LNK2019: "public: __thiscall Assimp::Importer::~Importer(void)" (??1Importer@Assimp@@QAE@XZ)"private: bool __thiscall Renderer::LoadFile(class std::basic_string<char,struct std::char_traits<char>,class std::allocator<char> > const &)" (?LoadFile@Renderer@@AAE_NABV?$basic_string@DU?$char_traits@D@std@@V?$allocator@D@2@@std@@@Z) 함수에서 참조되는 확인할 수 없는 외부 기호
Renderer.obj : error LNK2019: "public: struct aiScene const * __thiscall Assimp::Importer::ReadFile(char const *,unsigned int)" (?ReadFile@Importer@Assimp@@QAEPBUaiScene@@PBDI@Z)"public: struct aiScene const * __thiscall Assimp::Importer::ReadFile(class std::basic_string<char,struct std::char_traits<char>,class std::allocator<char> > const &,unsigned int)" (?ReadFile@Importer@Assimp@@QAEPBUaiScene@@ABV?$basic_string@DU?$char_traits@D@std@@V?$allocator@D@2@@std@@I@Z) 함수에서 참조되는 확인할 수 없는 외부 기호
D:\Kyg\DirectX11\DirectX11Engine\DirectX11Engine\Libs\Any\assimp-vc142-mt.lib : warning LNK4272: 'x64' 라이브러리 컴퓨터 종류가 'x86' 대상 컴퓨터 종류와 충돌합니다.
D:\Kyg\DirectX11\DirectX11Engine\Debug\DirectX11Engine.exe : fatal error LNK1120: 3개의 확인할 수 없는 외부 참조입니다.
