d:\kyg\directx11\directx11engine\directx11engine\x64\debug\vc142.pdb
d:\kyg\directx11\directx11engine\directx11engine\x64\debug\vc142.idb
d:\kyg\directx11\directx11engine\directx11engine\x64\debug\shaders.obj
d:\kyg\directx11\directx11engine\directx11engine\x64\debug\graphics.obj
d:\kyg\directx11\directx11engine\directx11engine\x64\debug\mouseevent.obj
d:\kyg\directx11\directx11engine\directx11engine\x64\debug\mouse.obj
d:\kyg\directx11\directx11engine\directx11engine\x64\debug\winmain.obj
d:\kyg\directx11\directx11engine\directx11engine\x64\debug\windowcontainer.obj
d:\kyg\directx11\directx11engine\directx11engine\x64\debug\renderwindow.obj
d:\kyg\directx11\directx11engine\directx11engine\x64\debug\keyboardevent.obj
d:\kyg\directx11\directx11engine\directx11engine\x64\debug\keyboard.obj
d:\kyg\directx11\directx11engine\directx11engine\x64\debug\imgui_widgets.obj
d:\kyg\directx11\directx11engine\directx11engine\x64\debug\imgui_tables.obj
d:\kyg\directx11\directx11engine\directx11engine\x64\debug\imgui_impl_win32.obj
d:\kyg\directx11\directx11engine\directx11engine\x64\debug\imgui_impl_dx11.obj
d:\kyg\directx11\directx11engine\directx11engine\x64\debug\imgui_draw.obj
d:\kyg\directx11\directx11engine\directx11engine\x64\debug\imgui.obj
d:\kyg\directx11\directx11engine\directx11engine\x64\debug\engine.obj
d:\kyg\directx11\directx11engine\directx11engine\x64\debug\debuglog.obj
d:\kyg\directx11\directx11engine\directx11engine\x64\debug\adapterreader.obj
d:\kyg\directx11\directx11engine\directx11engine\x64\debug\camera.obj
d:\kyg\directx11\directx11engine\directx11engine\x64\debug\component.obj
d:\kyg\directx11\directx11engine\directx11engine\x64\debug\vector2.obj
d:\kyg\directx11\directx11engine\directx11engine\x64\debug\mesh.obj
d:\kyg\directx11\directx11engine\directx11engine\x64\debug\transform.obj
d:\kyg\directx11\directx11engine\directx11engine\x64\debug\gameobject.obj
d:\kyg\directx11\directx11engine\directx11engine\x64\debug\renderer.obj
d:\kyg\directx11\directx11engine\directx11engine\x64\debug\time.obj
d:\kyg\directx11\directx11engine\directx11engine\x64\debug\texture.obj
d:\kyg\directx11\directx11engine\directx11engine\x64\debug\color.obj
d:\kyg\directx11\directx11engine\x64\debug\vs.cso
d:\kyg\directx11\directx11engine\x64\debug\ps.cso
d:\kyg\directx11\directx11engine\x64\debug\directx11engine.exe
d:\kyg\directx11\directx11engine\directx11engine\x64\debug\directx11engine.ilk
d:\kyg\directx11\directx11engine\x64\debug\directx11engine.pdb
d:\kyg\directx11\directx11engine\directx11engine\x64\debug\directx11engine.tlog\cl.command.1.tlog
d:\kyg\directx11\directx11engine\directx11engine\x64\debug\directx11engine.tlog\cl.read.1.tlog
d:\kyg\directx11\directx11engine\directx11engine\x64\debug\directx11engine.tlog\cl.write.1.tlog
d:\kyg\directx11\directx11engine\directx11engine\x64\debug\directx11engine.tlog\fxc.command.1.tlog
d:\kyg\directx11\directx11engine\directx11engine\x64\debug\directx11engine.tlog\fxc.read.1.tlog
d:\kyg\directx11\directx11engine\directx11engine\x64\debug\directx11engine.tlog\fxc.write.1.tlog
d:\kyg\directx11\directx11engine\directx11engine\x64\debug\directx11engine.tlog\link.command.1.tlog
d:\kyg\directx11\directx11engine\directx11engine\x64\debug\directx11engine.tlog\link.read.1.tlog
d:\kyg\directx11\directx11engine\directx11engine\x64\debug\directx11engine.tlog\link.write.1.tlog
